** Java program for fitting gammas&calculating feedings (version 02/18/2025) **
Generated at: Thu 03/20/2025 at 08:15:06 PM EDT

 Input file: D:\X\ND\Files\A60\finished\Zn60\temp_merge\test.ens
Report file: D:\X\ND\Files\A60\finished\Zn60\temp_merge\Java_GABS.rpt
Output file: D:\X\ND\Files\A60\finished\Zn60\temp_merge\Java_GABS.out


 assumptions for non-numerical uncertainties in RI and TI, unless otherwise specified:
    DRI                assumed %DRI        
    -----------        ------------        
    Empty              20
    LT or LE           50 for DRI(+); assumed RI=DRI(-)=%(100-this value)
    GT or GE           100000000 for DRI(+); assumed DRI(-)=0
    AP                 50
    CA                 50
    SY                 50

   * DCC theory=1.4% assumed if DCC not given
   * Uncertainty Limit=35 for rounding-up uncertainty in output


** Normalization factor NR is a multiplier for converting photon intensities (RI)
**    as given in the dataset to photons per 100 parent decays through the current
**    decay branch.
** NR in this analysis is determined by normalizing the sum of RI*(1+ICC) of all
**    gammas to ground state, to the input value given in the NB record at col#42
**    for %(Ig+ce) to GS through the current decay branch
** %IG and its uncertainty from this analysis is determined by %IG=RI*NR*BR, or
**    %IG=RI*NRBR if NRBR in PN record is present, as photons per 100 parent decays
**    (through all branches) for those gammas not involved in the deduction of NR.
**    For those used for normalization, %IG is directly determined independent of
**    NR to avoid over-estimation of uncertainty in the formula above, especially
**    when the input uncertainty in RI is large.

   * Gammas marked by "?" are also used in the fitting and intensity calculations
   * All gammas marked by "S" are ignored in the fitting and intensity calculations


##########################################################################################
        Report of gamma absolute intensities for dataset: << 60GA EC DECAY (69.4 MS) >>
##########################################################################################


*Input NR is used to calculate absolute intensities*

Input NR in N record: 1.0 
Input BR in N record: 1.0   (=1.0 if not given)

-----------------------------------------------------------------------------------------------
     E(gamma)       RI          TI                    %IG                %IG from NR             
                                                                   New NR*          Input NR     
-----------------------------------------------------------------------------------------------
     669.3  3     0.36  9     0.36  9           0.36                ---               0.36  9
     850.8  1     0.75 10     0.75 10           0.75                ---               0.75 10
     913.9  3      0.3  1      0.3  1            0.3                ---                0.3  1
    1028.6  2     0.38  8     0.38  8           0.38                ---               0.38  8
    1188.4  1      1.6  1      1.6  1            1.6                ---                1.6  1
    1201.8  2     0.29  7     0.29  7           0.29                ---               0.29  7
    1413.7  2     0.35  7     0.35  7           0.35                ---               0.35  7
    1442.1  1     0.40  8     0.40  8            0.4                ---               0.40  8
    1481.4  1      1.3  1      1.3  1            1.3                ---                1.3  1
    1780.8  6      0.2  1      0.2  1            0.2                ---                0.2  1
    2047.2  4      0.7  2      0.7  2            0.7                ---                0.7  2
    2334.2  3      0.8  2      0.8  2            0.8                ---                0.8  2
    2434.2  2      1.8  2      1.8  2            1.8                ---                1.8  2
    2624.3  5      0.3  1      0.3  1            0.3                ---                0.3  1
    2826.0  2      1.3  2      1.3  2            1.3                ---                1.3  2
    2884.0  4      0.8  2      0.8  2            0.8                ---                0.8  2
    2996.8  2      2.0  3      2.0  3            2.0                ---                2.0  3
    3337.4  1      7.1  6      7.1  6            7.1                ---                7.1  6
    3394.8  1      7.0  6      7.0  6            7.0                ---                7.0  6
    3889.1  3      2.8  8      2.8  8            2.8                ---                2.8  8
    4000.9  2      2.8  4      2.8  4            2.8                ---                2.8  4
    4805.0  4      0.4  1      0.4  1            0.4                ---                0.4  1
    4850.2  5      0.2  1      0.2  1            0.2                ---                0.2  1
    4891.9  3      0.4  1      0.4  1            0.4                ---                0.4  1
    1003.5  1       62  3       62  3             62                ---                 62  3
    1554.7  3      7.0  5      7.0  5            7.0                ---                7.0  5
    2558.8  4      8.5  6      8.5  6            8.5                ---                8.5  6
    2293.2  4      6.3  5      6.3  5            6.3                ---                6.3  5
    3848.5  4       38  3       38  3             38                ---                 38  3
-----------------------------------------------------------------------------------------------
NOTE: RI listed here are original values from the input file.
      TI from input or deduced from RI if not given in the input file.
      * %IG is present only for gammas used in normalization and
            others are the same as those in %IG column.



-----------------------------------------------------------------------------------------------------------------
                     Calculated Net Feeding from (gamma+ce) Intensity Balance at Each Level                      
-----------------------------------------------------------------------------------------------------------------
         Level        RI           RI         RI          TI           TI         TI          Net Feeding (%)  
                     (OUT)        (IN)       (NET)       (OUT)        (IN)       (NET)        CALC*       INPUT
-----------------------------------------------------------------------------------------------------------------
          0         0.0        70.5 31    -70.5 31      0.0        70.5 31   -70.5 31       -70.5 31            
    1003.53 10     62.0 30     45.0 31       17  4     62.0 30     45.0 31      17  4          17  4            
    2558.54 23     15.5  8      6.3  5      9.2  9     15.5  8      6.3  5     9.2  9         9.2  9            
    4851.97 32     44.3 31      0.0        44.3 31     44.3 31      0.0       44.3 31        44.3 31            

                                                                      Sum of Feedings=         71 5         0 0
-----------------------------------------------------------------------------------------------------------------
Input normalization factors:
  NR=    1.0       For normalizing RI to per 100 parent decays via this branch
  NT=              For normalizing TI to per 100 parent decays via this branch
  BR=    1.0       Branching ratio of this decay branch among all decay branches
  NB=    1.0       For normalizing IB to per 100 parent decays via this branch

* Calculated feedings are obtained using input NR if given.


End of report

